[debug] [2026-07-11T19:42:50.750Z] ----------------------------------------------------------------------
[debug] [2026-07-11T19:42:50.752Z] Command:       C:\Program Files\nodejs\node.exe C:\Users\Assmaa\AppData\Roaming\npm\node_modules\firebase-tools\lib\bin\firebase.js init
[debug] [2026-07-11T19:42:50.752Z] CLI Version:   15.23.0
[debug] [2026-07-11T19:42:50.752Z] Platform:      win32
[debug] [2026-07-11T19:42:50.752Z] Node Version:  v24.13.0
[debug] [2026-07-11T19:42:50.752Z] Detected Agent: unknown
[debug] [2026-07-11T19:42:50.752Z] Time:          Sat Jul 11 2026 22:42:50 GMT+0300 (Eastern European Summer Time)
[debug] [2026-07-11T19:42:50.752Z] ----------------------------------------------------------------------
[debug] 
[info] 
     ######## #### ########  ######## ########     ###     ######  ########
     ##        ##  ##     ## ##       ##     ##  ##   ##  ##       ##
     ######    ##  ########  ######   ########  #########  ######  ######
     ##        ##  ##    ##  ##       ##     ## ##     ##       ## ##
     ##       #### ##     ## ######## ########  ##     ##  ######  ########

You're about to initialize a Firebase project in this directory:

  D:\aly\real state

Before we get started, keep in mind:

  * You are initializing within an existing Firebase project directory

[info] 
=== Project Setup
[info] 
[info] First, let's associate this project directory with a Firebase project.
[info] You can create multiple project aliases by running firebase use --add, 
[info] 
[debug] [2026-07-11T19:43:26.488Z] > command requires scopes: ["email","openid","https://www.googleapis.com/auth/cloudplatformprojects.readonly","https://www.googleapis.com/auth/firebase","https://www.googleapis.com/auth/cloud-platform"]
[debug] [2026-07-11T19:43:26.488Z] > authorizing via signed-in user (alyeldeenayoub@gmail.com)
[debug] [2026-07-11T19:43:26.499Z] Checked if tokens are valid: true, expires at: 1783801207501
[debug] [2026-07-11T19:43:26.499Z] Checked if tokens are valid: true, expires at: 1783801207501
[debug] [2026-07-11T19:43:26.499Z] >>> [apiv2][query] GET https://firebase.googleapis.com/v1beta1/projects/real-state-2ad86 [none]
[debug] [2026-07-11T19:43:27.579Z] <<< [apiv2][status] GET https://firebase.googleapis.com/v1beta1/projects/real-state-2ad86 200
[debug] [2026-07-11T19:43:27.579Z] <<< [apiv2][body] GET https://firebase.googleapis.com/v1beta1/projects/real-state-2ad86 {"projectId":"real-state-2ad86","projectNumber":"739106929711","displayName":"real state","name":"projects/real-state-2ad86","resources":{"hostingSite":"real-state-2ad86","realtimeDatabaseInstance":"real-state-2ad86-default-rtdb"},"state":"ACTIVE","labels":{"firebase":"enabled","firebase/storage-default-bucket":"created"},"etag":"1_8628a05b-ed98-4587-afd4-8cd53e20e3cf"}
[info] i  Using project real-state-2ad86 (real state) . 
[info] 
=== Firestore Setup
[info] i  firestore: ensuring required API firestore.googleapis.com is enabled... 
[debug] [2026-07-11T19:43:27.590Z] Checked if tokens are valid: true, expires at: 1783801207501
[debug] [2026-07-11T19:43:27.591Z] Checked if tokens are valid: true, expires at: 1783801207501
[debug] [2026-07-11T19:43:27.591Z] >>> [apiv2][query] GET https://firestore.googleapis.com/v1/projects/real-state-2ad86/databases [none]
[debug] [2026-07-11T19:43:29.003Z] <<< [apiv2][status] GET https://firestore.googleapis.com/v1/projects/real-state-2ad86/databases 200
[debug] [2026-07-11T19:43:29.003Z] <<< [apiv2][body] GET https://firestore.googleapis.com/v1/projects/real-state-2ad86/databases {"databases":[{"name":"projects/real-state-2ad86/databases/(default)","uid":"1847bf1a-b8e6-4b43-8db6-8ddd64497003","createTime":"2026-07-07T03:36:51.277467Z","updateTime":"2026-07-07T03:36:51.277467Z","locationId":"eur3","type":"FIRESTORE_NATIVE","concurrencyMode":"PESSIMISTIC","versionRetentionPeriod":"3600s","earliestVersionTime":"2026-07-11T18:43:29.047935Z","appEngineIntegrationMode":"DISABLED","keyPrefix":"e","pointInTimeRecoveryEnablement":"POINT_IN_TIME_RECOVERY_DISABLED","deleteProtectionState":"DELETE_PROTECTION_DISABLED","databaseEdition":"STANDARD","freeTier":false,"realtimeUpdatesMode":"REALTIME_UPDATES_MODE_ENABLED","etag":"IMP7jpKxy5UDMKnRzNrRv5UD"}]}
[info] 
[info] Firestore Security Rules allow you to define how and when to allow
[info] requests. You can keep these rules in your project directory
[info] and publish them with firebase deploy.
[info] 
[debug] [2026-07-11T19:43:29.006Z] Checked if tokens are valid: true, expires at: 1783801207501
[debug] [2026-07-11T19:43:29.006Z] Checked if tokens are valid: true, expires at: 1783801207501
[debug] [2026-07-11T19:43:29.006Z] >>> [apiv2][query] GET https://firebaserules.googleapis.com/v1/projects/real-state-2ad86/releases pageSize=10&pageToken=
[debug] [2026-07-11T19:43:30.233Z] <<< [apiv2][status] GET https://firebaserules.googleapis.com/v1/projects/real-state-2ad86/releases 200
[debug] [2026-07-11T19:43:30.233Z] <<< [apiv2][body] GET https://firebaserules.googleapis.com/v1/projects/real-state-2ad86/releases {"releases":[{"name":"projects/real-state-2ad86/releases/cloud.firestore","rulesetName":"projects/real-state-2ad86/rulesets/fa2f2d6d-e962-477d-8b25-045a6f62bc25","createTime":"2026-07-07T03:44:24.335872Z","updateTime":"2026-07-07T03:44:24.335872Z"},{"name":"projects/real-state-2ad86/releases/firebase.storage/real-state-2ad86.firebasestorage.app","rulesetName":"projects/real-state-2ad86/rulesets/4c35875d-2da3-4b78-b5b8-532ed5462ea8","createTime":"2026-07-07T04:41:38.139837Z","updateTime":"2026-07-07T05:07:57.660616Z"}]}
[debug] [2026-07-11T19:43:30.240Z] Checked if tokens are valid: true, expires at: 1783801207501
[debug] [2026-07-11T19:43:30.240Z] Checked if tokens are valid: true, expires at: 1783801207501
[debug] [2026-07-11T19:43:30.240Z] >>> [apiv2][query] GET https://firebaserules.googleapis.com/v1/projects/real-state-2ad86/rulesets/fa2f2d6d-e962-477d-8b25-045a6f62bc25 [none]
[debug] [2026-07-11T19:43:31.459Z] <<< [apiv2][status] GET https://firebaserules.googleapis.com/v1/projects/real-state-2ad86/rulesets/fa2f2d6d-e962-477d-8b25-045a6f62bc25 200
[debug] [2026-07-11T19:43:31.459Z] <<< [apiv2][body] GET https://firebaserules.googleapis.com/v1/projects/real-state-2ad86/rulesets/fa2f2d6d-e962-477d-8b25-045a6f62bc25 [omitted]
[info] i  Downloaded the existing Firestore Security Rules from the Firebase console 
[info] i  firestore.rules is unchanged 
[info] 
[info] Firestore indexes allow you to perform complex queries while
[info] maintaining performance that scales with the size of the result
[info] set. You can keep index definitions in your project directory
[info] and publish them with firebase deploy.
[info] 
[debug] [2026-07-11T19:43:31.461Z] Checked if tokens are valid: true, expires at: 1783801207501
[debug] [2026-07-11T19:43:31.461Z] Checked if tokens are valid: true, expires at: 1783801207501
[debug] [2026-07-11T19:43:31.461Z] Checked if tokens are valid: true, expires at: 1783801207501
[debug] [2026-07-11T19:43:31.462Z] Checked if tokens are valid: true, expires at: 1783801207501
[debug] [2026-07-11T19:43:31.462Z] >>> [apiv2][query] GET https://firestore.googleapis.com/v1/projects/real-state-2ad86/databases/(default)/collectionGroups/-/indexes [none]
[debug] [2026-07-11T19:43:31.462Z] >>> [apiv2][query] GET https://firestore.googleapis.com/v1/projects/real-state-2ad86/databases/(default)/collectionGroups/-/fields?filter=indexConfig.usesAncestorConfig=false OR ttlConfig:* [none]
[debug] [2026-07-11T19:43:31.819Z] <<< [apiv2][status] GET https://firestore.googleapis.com/v1/projects/real-state-2ad86/databases/(default)/collectionGroups/-/indexes 200
[debug] [2026-07-11T19:43:31.819Z] <<< [apiv2][body] GET https://firestore.googleapis.com/v1/projects/real-state-2ad86/databases/(default)/collectionGroups/-/indexes {}
[debug] [2026-07-11T19:43:32.073Z] <<< [apiv2][status] GET https://firestore.googleapis.com/v1/projects/real-state-2ad86/databases/(default)/collectionGroups/-/fields?filter=indexConfig.usesAncestorConfig=false OR ttlConfig:* 200
[debug] [2026-07-11T19:43:32.074Z] <<< [apiv2][body] GET https://firestore.googleapis.com/v1/projects/real-state-2ad86/databases/(default)/collectionGroups/-/fields?filter=indexConfig.usesAncestorConfig=false OR ttlConfig:* {"fields":[{"name":"projects/real-state-2ad86/databases/(default)/collectionGroups/__default__/fields/*","indexConfig":{"indexes":[{"queryScope":"COLLECTION","fields":[{"fieldPath":"*","order":"ASCENDING"}],"state":"READY"},{"queryScope":"COLLECTION","fields":[{"fieldPath":"*","order":"DESCENDING"}],"state":"READY"},{"queryScope":"COLLECTION","fields":[{"fieldPath":"*","arrayConfig":"CONTAINS"}],"state":"READY"}]}}]}
[info] i  Downloaded the existing Firestore indexes from the Firebase console 
[info] i  firestore.indexes.json is unchanged 
[info] 
=== App Hosting Setup
[debug] [2026-07-11T19:43:32.077Z] Checked if tokens are valid: true, expires at: 1783801207501
[debug] [2026-07-11T19:43:32.077Z] Checked if tokens are valid: true, expires at: 1783801207501
[debug] [2026-07-11T19:43:32.077Z] >>> [apiv2][query] GET https://cloudbilling.googleapis.com/v1/projects/real-state-2ad86/billingInfo [none]
[debug] [2026-07-11T19:43:32.077Z] >>> [apiv2][(partial)header] GET https://cloudbilling.googleapis.com/v1/projects/real-state-2ad86/billingInfo  x-goog-user-project=real-state-2ad86
[debug] [2026-07-11T19:43:33.474Z] <<< [apiv2][status] GET https://cloudbilling.googleapis.com/v1/projects/real-state-2ad86/billingInfo 200
[debug] [2026-07-11T19:43:33.474Z] <<< [apiv2][body] GET https://cloudbilling.googleapis.com/v1/projects/real-state-2ad86/billingInfo {"name":"projects/real-state-2ad86/billingInfo","projectId":"real-state-2ad86","billingAccountName":"billingAccounts/01571D-784495-C4A080","billingEnabled":true}
[debug] [2026-07-11T19:43:33.494Z] Checked if tokens are valid: true, expires at: 1783801207501
[debug] [2026-07-11T19:43:33.495Z] Checked if tokens are valid: true, expires at: 1783801207501
[debug] [2026-07-11T19:43:33.495Z] >>> [apiv2][query] POST https://iam.googleapis.com/v1/projects/real-state-2ad86/serviceAccounts/firebase-app-hosting-compute@real-state-2ad86.iam.gserviceaccount.com:testIamPermissions [none]
[debug] [2026-07-11T19:43:33.496Z] >>> [apiv2][(partial)header] POST https://iam.googleapis.com/v1/projects/real-state-2ad86/serviceAccounts/firebase-app-hosting-compute@real-state-2ad86.iam.gserviceaccount.com:testIamPermissions  x-goog-user-project=real-state-2ad86
[debug] [2026-07-11T19:43:33.496Z] >>> [apiv2][body] POST https://iam.googleapis.com/v1/projects/real-state-2ad86/serviceAccounts/firebase-app-hosting-compute@real-state-2ad86.iam.gserviceaccount.com:testIamPermissions {"permissions":["iam.serviceAccounts.actAs"]}
[debug] [2026-07-11T19:43:34.837Z] <<< [apiv2][status] POST https://iam.googleapis.com/v1/projects/real-state-2ad86/serviceAccounts/firebase-app-hosting-compute@real-state-2ad86.iam.gserviceaccount.com:testIamPermissions 200
[debug] [2026-07-11T19:43:34.838Z] <<< [apiv2][body] POST https://iam.googleapis.com/v1/projects/real-state-2ad86/serviceAccounts/firebase-app-hosting-compute@real-state-2ad86.iam.gserviceaccount.com:testIamPermissions {"permissions":["iam.serviceAccounts.actAs"]}
[debug] [2026-07-11T19:43:34.838Z] Checked if tokens are valid: true, expires at: 1783801207501
[debug] [2026-07-11T19:43:34.838Z] Checked if tokens are valid: true, expires at: 1783801207501
[debug] [2026-07-11T19:43:34.838Z] >>> [apiv2][query] POST https://iam.googleapis.com/v1/projects/real-state-2ad86/serviceAccounts [none]
[debug] [2026-07-11T19:43:34.838Z] >>> [apiv2][body] POST https://iam.googleapis.com/v1/projects/real-state-2ad86/serviceAccounts {"accountId":"firebase-app-hosting-compute","serviceAccount":{"displayName":"Firebase App Hosting compute service account","description":"Default service account used to run builds and deploys for Firebase App Hosting"}}
[debug] [2026-07-11T19:43:35.291Z] <<< [apiv2][status] POST https://iam.googleapis.com/v1/projects/real-state-2ad86/serviceAccounts 409
[debug] [2026-07-11T19:43:35.291Z] <<< [apiv2][body] POST https://iam.googleapis.com/v1/projects/real-state-2ad86/serviceAccounts [omitted]
[debug] [2026-07-11T19:43:35.292Z] Checked if tokens are valid: true, expires at: 1783801207501
[debug] [2026-07-11T19:43:35.292Z] Checked if tokens are valid: true, expires at: 1783801207501
[debug] [2026-07-11T19:43:35.292Z] >>> [apiv2][query] POST https://cloudresourcemanager.googleapis.com/v1/projects/real-state-2ad86:getIamPolicy [none]
[debug] [2026-07-11T19:43:37.561Z] <<< [apiv2][status] POST https://cloudresourcemanager.googleapis.com/v1/projects/real-state-2ad86:getIamPolicy 200
[debug] [2026-07-11T19:43:37.561Z] <<< [apiv2][body] POST https://cloudresourcemanager.googleapis.com/v1/projects/real-state-2ad86:getIamPolicy {"version":1,"etag":"BwZWWwFYKrg=","bindings":[{"role":"roles/cloudbuild.builds.builder","members":["serviceAccount:739106929711@cloudbuild.gserviceaccount.com"]},{"role":"roles/cloudbuild.serviceAgent","members":["serviceAccount:service-739106929711@gcp-sa-cloudbuild.iam.gserviceaccount.com"]},{"role":"roles/cloudfunctions.developer","members":["serviceAccount:github-action-1297733454@real-state-2ad86.iam.gserviceaccount.com"]},{"role":"roles/containerregistry.ServiceAgent","members":["serviceAccount:service-739106929711@containerregistry.iam.gserviceaccount.com"]},{"role":"roles/developerconnect.readTokenAccessor","members":["serviceAccount:firebase-app-hosting-compute@real-state-2ad86.iam.gserviceaccount.com"]},{"role":"roles/firebase.managementServiceAgent","members":["serviceAccount:service-739106929711@gcp-sa-firebase.iam.gserviceaccount.com"]},{"role":"roles/firebase.sdkAdminServiceAgent","members":["serviceAccount:firebase-adminsdk-fbsvc@real-state-2ad86.iam.gserviceaccount.com","serviceAccount:firebase-app-hosting-compute@real-state-2ad86.iam.gserviceaccount.com"]},{"role":"roles/firebaseappcheck.admin","members":["serviceAccount:firebase-adminsdk-fbsvc@real-state-2ad86.iam.gserviceaccount.com"]},{"role":"roles/firebaseapphosting.computeRunner","members":["serviceAccount:firebase-app-hosting-compute@real-state-2ad86.iam.gserviceaccount.com"]},{"role":"roles/firebaseapphosting.serviceAgent","members":["serviceAccount:service-739106929711@gcp-sa-firebaseapphosting.iam.gserviceaccount.com"]},{"role":"roles/firebaseauth.admin","members":["serviceAccount:firebase-adminsdk-fbsvc@real-state-2ad86.iam.gserviceaccount.com","serviceAccount:github-action-1297733454@real-state-2ad86.iam.gserviceaccount.com"]},{"role":"roles/firebasedatabase.admin","members":["serviceAccount:firebase-adminsdk-fbsvc@real-state-2ad86.iam.gserviceaccount.com"]},{"role":"roles/firebasedataconnect.serviceAgent","members":["serviceAccount:service-739106929711@gcp-sa-firebasedataconnect.iam.gserviceaccount.com"]},{"role":"roles/firebasehosting.admin","members":["serviceAccount:github-action-1297733454@real-state-2ad86.iam.gserviceaccount.com"]},{"role":"roles/firebaserules.system","members":["serviceAccount:service-739106929711@firebase-rules.iam.gserviceaccount.com"]},{"role":"roles/firebasestorage.serviceAgent","members":["serviceAccount:service-739106929711@gcp-sa-firebasestorage.iam.gserviceaccount.com"]},{"role":"roles/firestore.serviceAgent","members":["serviceAccount:service-739106929711@gcp-sa-firestore.iam.gserviceaccount.com"]},{"role":"roles/iam.serviceAccountTokenCreator","members":["serviceAccount:firebase-adminsdk-fbsvc@real-state-2ad86.iam.gserviceaccount.com"]},{"role":"roles/owner","members":["user:alyeldeenayoub@gmail.com"]},{"role":"roles/run.serviceAgent","members":["serviceAccount:service-739106929711@serverless-robot-prod.iam.gserviceaccount.com"]},{"role":"roles/run.viewer","members":["serviceAccount:github-action-1297733454@real-state-2ad86.iam.gserviceaccount.com"]},{"role":"roles/serviceusage.apiKeysViewer","members":["serviceAccount:github-action-1297733454@real-state-2ad86.iam.gserviceaccount.com"]},{"role":"roles/serviceusage.serviceUsageConsumer","members":["serviceAccount:github-action-1297733454@real-state-2ad86.iam.gserviceaccount.com"]},{"role":"roles/storage.admin","members":["serviceAccount:firebase-adminsdk-fbsvc@real-state-2ad86.iam.gserviceaccount.com"]},{"role":"roles/storage.objectViewer","members":["serviceAccount:firebase-app-hosting-compute@real-state-2ad86.iam.gserviceaccount.com"]}]}
[debug] [2026-07-11T19:43:37.563Z] Checked if tokens are valid: true, expires at: 1783801207501
[debug] [2026-07-11T19:43:37.563Z] Checked if tokens are valid: true, expires at: 1783801207501
[debug] [2026-07-11T19:43:37.563Z] >>> [apiv2][query] POST https://cloudresourcemanager.googleapis.com/v1/projects/real-state-2ad86:setIamPolicy [none]
[debug] [2026-07-11T19:43:37.563Z] >>> [apiv2][body] POST https://cloudresourcemanager.googleapis.com/v1/projects/real-state-2ad86:setIamPolicy {"policy":{"version":1,"etag":"BwZWWwFYKrg=","bindings":[{"role":"roles/cloudbuild.builds.builder","members":["serviceAccount:739106929711@cloudbuild.gserviceaccount.com"]},{"role":"roles/cloudbuild.serviceAgent","members":["serviceAccount:service-739106929711@gcp-sa-cloudbuild.iam.gserviceaccount.com"]},{"role":"roles/cloudfunctions.developer","members":["serviceAccount:github-action-1297733454@real-state-2ad86.iam.gserviceaccount.com"]},{"role":"roles/containerregistry.ServiceAgent","members":["serviceAccount:service-739106929711@containerregistry.iam.gserviceaccount.com"]},{"role":"roles/developerconnect.readTokenAccessor","members":["serviceAccount:firebase-app-hosting-compute@real-state-2ad86.iam.gserviceaccount.com"]},{"role":"roles/firebase.managementServiceAgent","members":["serviceAccount:service-739106929711@gcp-sa-firebase.iam.gserviceaccount.com"]},{"role":"roles/firebase.sdkAdminServiceAgent","members":["serviceAccount:firebase-adminsdk-fbsvc@real-state-2ad86.iam.gserviceaccount.com","serviceAccount:firebase-app-hosting-compute@real-state-2ad86.iam.gserviceaccount.com"]},{"role":"roles/firebaseappcheck.admin","members":["serviceAccount:firebase-adminsdk-fbsvc@real-state-2ad86.iam.gserviceaccount.com"]},{"role":"roles/firebaseapphosting.computeRunner","members":["serviceAccount:firebase-app-hosting-compute@real-state-2ad86.iam.gserviceaccount.com"]},{"role":"roles/firebaseapphosting.serviceAgent","members":["serviceAccount:service-739106929711@gcp-sa-firebaseapphosting.iam.gserviceaccount.com"]},{"role":"roles/firebaseauth.admin","members":["serviceAccount:firebase-adminsdk-fbsvc@real-state-2ad86.iam.gserviceaccount.com","serviceAccount:github-action-1297733454@real-state-2ad86.iam.gserviceaccount.com"]},{"role":"roles/firebasedatabase.admin","members":["serviceAccount:firebase-adminsdk-fbsvc@real-state-2ad86.iam.gserviceaccount.com"]},{"role":"roles/firebasedataconnect.serviceAgent","members":["serviceAccount:service-739106929711@gcp-sa-firebasedataconnect.iam.gserviceaccount.com"]},{"role":"roles/firebasehosting.admin","members":["serviceAccount:github-action-1297733454@real-state-2ad86.iam.gserviceaccount.com"]},{"role":"roles/firebaserules.system","members":["serviceAccount:service-739106929711@firebase-rules.iam.gserviceaccount.com"]},{"role":"roles/firebasestorage.serviceAgent","members":["serviceAccount:service-739106929711@gcp-sa-firebasestorage.iam.gserviceaccount.com"]},{"role":"roles/firestore.serviceAgent","members":["serviceAccount:service-739106929711@gcp-sa-firestore.iam.gserviceaccount.com"]},{"role":"roles/iam.serviceAccountTokenCreator","members":["serviceAccount:firebase-adminsdk-fbsvc@real-state-2ad86.iam.gserviceaccount.com"]},{"role":"roles/owner","members":["user:alyeldeenayoub@gmail.com"]},{"role":"roles/run.serviceAgent","members":["serviceAccount:service-739106929711@serverless-robot-prod.iam.gserviceaccount.com"]},{"role":"roles/run.viewer","members":["serviceAccount:github-action-1297733454@real-state-2ad86.iam.gserviceaccount.com"]},{"role":"roles/serviceusage.apiKeysViewer","members":["serviceAccount:github-action-1297733454@real-state-2ad86.iam.gserviceaccount.com"]},{"role":"roles/serviceusage.serviceUsageConsumer","members":["serviceAccount:github-action-1297733454@real-state-2ad86.iam.gserviceaccount.com"]},{"role":"roles/storage.admin","members":["serviceAccount:firebase-adminsdk-fbsvc@real-state-2ad86.iam.gserviceaccount.com"]},{"role":"roles/storage.objectViewer","members":["serviceAccount:firebase-app-hosting-compute@real-state-2ad86.iam.gserviceaccount.com"]}]},"updateMask":"bindings"}
[debug] [2026-07-11T19:43:38.586Z] <<< [apiv2][status] POST https://cloudresourcemanager.googleapis.com/v1/projects/real-state-2ad86:setIamPolicy 200
[debug] [2026-07-11T19:43:38.586Z] <<< [apiv2][body] POST https://cloudresourcemanager.googleapis.com/v1/projects/real-state-2ad86:setIamPolicy {"version":1,"etag":"BwZWWxLa7YI=","bindings":[{"role":"roles/cloudbuild.builds.builder","members":["serviceAccount:739106929711@cloudbuild.gserviceaccount.com"]},{"role":"roles/cloudbuild.serviceAgent","members":["serviceAccount:service-739106929711@gcp-sa-cloudbuild.iam.gserviceaccount.com"]},{"role":"roles/cloudfunctions.developer","members":["serviceAccount:github-action-1297733454@real-state-2ad86.iam.gserviceaccount.com"]},{"role":"roles/containerregistry.ServiceAgent","members":["serviceAccount:service-739106929711@containerregistry.iam.gserviceaccount.com"]},{"role":"roles/developerconnect.readTokenAccessor","members":["serviceAccount:firebase-app-hosting-compute@real-state-2ad86.iam.gserviceaccount.com"]},{"role":"roles/firebase.managementServiceAgent","members":["serviceAccount:service-739106929711@gcp-sa-firebase.iam.gserviceaccount.com"]},{"role":"roles/firebase.sdkAdminServiceAgent","members":["serviceAccount:firebase-adminsdk-fbsvc@real-state-2ad86.iam.gserviceaccount.com","serviceAccount:firebase-app-hosting-compute@real-state-2ad86.iam.gserviceaccount.com"]},{"role":"roles/firebaseappcheck.admin","members":["serviceAccount:firebase-adminsdk-fbsvc@real-state-2ad86.iam.gserviceaccount.com"]},{"role":"roles/firebaseapphosting.computeRunner","members":["serviceAccount:firebase-app-hosting-compute@real-state-2ad86.iam.gserviceaccount.com"]},{"role":"roles/firebaseapphosting.serviceAgent","members":["serviceAccount:service-739106929711@gcp-sa-firebaseapphosting.iam.gserviceaccount.com"]},{"role":"roles/firebaseauth.admin","members":["serviceAccount:firebase-adminsdk-fbsvc@real-state-2ad86.iam.gserviceaccount.com","serviceAccount:github-action-1297733454@real-state-2ad86.iam.gserviceaccount.com"]},{"role":"roles/firebasedatabase.admin","members":["serviceAccount:firebase-adminsdk-fbsvc@real-state-2ad86.iam.gserviceaccount.com"]},{"role":"roles/firebasedataconnect.serviceAgent","members":["serviceAccount:service-739106929711@gcp-sa-firebasedataconnect.iam.gserviceaccount.com"]},{"role":"roles/firebasehosting.admin","members":["serviceAccount:github-action-1297733454@real-state-2ad86.iam.gserviceaccount.com"]},{"role":"roles/firebaserules.system","members":["serviceAccount:service-739106929711@firebase-rules.iam.gserviceaccount.com"]},{"role":"roles/firebasestorage.serviceAgent","members":["serviceAccount:service-739106929711@gcp-sa-firebasestorage.iam.gserviceaccount.com"]},{"role":"roles/firestore.serviceAgent","members":["serviceAccount:service-739106929711@gcp-sa-firestore.iam.gserviceaccount.com"]},{"role":"roles/iam.serviceAccountTokenCreator","members":["serviceAccount:firebase-adminsdk-fbsvc@real-state-2ad86.iam.gserviceaccount.com"]},{"role":"roles/owner","members":["user:alyeldeenayoub@gmail.com"]},{"role":"roles/run.serviceAgent","members":["serviceAccount:service-739106929711@serverless-robot-prod.iam.gserviceaccount.com"]},{"role":"roles/run.viewer","members":["serviceAccount:github-action-1297733454@real-state-2ad86.iam.gserviceaccount.com"]},{"role":"roles/serviceusage.apiKeysViewer","members":["serviceAccount:github-action-1297733454@real-state-2ad86.iam.gserviceaccount.com"]},{"role":"roles/serviceusage.serviceUsageConsumer","members":["serviceAccount:github-action-1297733454@real-state-2ad86.iam.gserviceaccount.com"]},{"role":"roles/storage.admin","members":["serviceAccount:firebase-adminsdk-fbsvc@real-state-2ad86.iam.gserviceaccount.com"]},{"role":"roles/storage.objectViewer","members":["serviceAccount:firebase-app-hosting-compute@real-state-2ad86.iam.gserviceaccount.com"]}]}
[info] i  This command links your local project to Firebase App Hosting. You will be able to deploy your web app with `firebase deploy` after setup. 
